<?xml version="1.0" encoding="UTF-8"?>
<!-- Generated by org.testng.reporters.JUnitReportReporter -->
<testsuite name="com.uolet.casos.teste.mobileApp.AbrindoAppPelaPrimeiraVez" tests="3" time="44.878" ignored="0" failures="0" timestamp="03 mar 2017 20:34:18 GMT" skipped="0" hostname="UOLET-53N2L" errors="0">
  <testcase name="LogandoComLoginUolet" time="28.994" classname="com.uolet.casos.teste.mobileApp.AbrindoAppPelaPrimeiraVez"/>
  <testcase name="ClicandoEmCarteiraSemEstarLogado" time="5.072" classname="com.uolet.casos.teste.mobileApp.AbrindoAppPelaPrimeiraVez"/>
  <testcase name="AbrindoAplicativoEPassandoTutorial" time="10.812" classname="com.uolet.casos.teste.mobileApp.AbrindoAppPelaPrimeiraVez"/>
</testsuite> <!-- com.uolet.casos.teste.mobileApp.AbrindoAppPelaPrimeiraVez -->
