<?xml version="1.0" encoding="UTF-8"?>
<!-- Generated by org.testng.reporters.JUnitReportReporter -->
<testsuite name="com.uolet.casos.teste.mobileApp.AbrindoAppPelaPrimeiraVez" tests="3" time="46.765" ignored="0" failures="0" timestamp="06 mar 2017 18:15:12 GMT" skipped="0" hostname="UOLET-53N2L" errors="0">
  <testcase name="LogandoComLoginUolet" time="31.216" classname="com.uolet.casos.teste.mobileApp.AbrindoAppPelaPrimeiraVez"/>
  <testcase name="AbrindoAplicativoEPassandoTutorial" time="10.429" classname="com.uolet.casos.teste.mobileApp.AbrindoAppPelaPrimeiraVez"/>
  <testcase name="ClicandoEmCarteiraSemEstarLogado" time="5.120" classname="com.uolet.casos.teste.mobileApp.AbrindoAppPelaPrimeiraVez"/>
</testsuite> <!-- com.uolet.casos.teste.mobileApp.AbrindoAppPelaPrimeiraVez -->
